delay 3s for folderPath: /Volumes/dav_damo/baiduyun/0-sightp.com
delay 3s for folderPath: /Volumes/dav_damo/baiduyun/0000
delay 3s for folderPath: /Volumes/dav_damo/baiduyun/0-sightp.com/AI
delay 3s for folderPath: /Volumes/dav_damo/baiduyun/000tmp
delay 3s for folderPath: /Volumes/dav_damo/baiduyun/0000/3d资源
delay 3s for folderPath: /Volumes/dav_damo/baiduyun/0-sightp.com/Mega
delay 3s for folderPath: /Volumes/dav_damo/baiduyun/0-sightp.com/AI/AI-SD
delay 3s for folderPath: /Volumes/dav_damo/baiduyun/0mac-机器
delay 3s for folderPath: /Volumes/dav_damo/baiduyun/000tmp/00000已筛选
delay 3s for folderPath: /Volumes/dav_damo/baiduyun/0000/AR-fireworks
delay 3s for folderPath: /Volumes/dav_damo/baiduyun/0000/3d资源/3d-demo-data
delay 3s for folderPath: /Volumes/dav_damo/baiduyun/0-sightp.com/SP
delay 3s for folderPath: /Volumes/dav_damo/baiduyun/0-sightp.com/AI/AI-audio
delay 3s for folderPath: /Volumes/dav_damo/baiduyun/Business
delay 3s for folderPath: /Volumes/dav_damo/baiduyun/000tmp/01-畅销书
delay 3s for folderPath: /Volumes/dav_damo/baiduyun/0mac-机器/Damo
delay 3s for folderPath: /Volumes/dav_damo/baiduyun/0000/J-350M
delay 3s for folderPath: /Volumes/dav_damo/baiduyun/0000/3d资源/alphabets
delay 3s for folderPath: /Volumes/dav_damo/baiduyun/0000/AR-fireworks/AR烟花
delay 3s for folderPath: /Volumes/dav_damo/baiduyun/0-sightp.com/SightpPlus
delay 3s for folderPath: /Volumes/dav_damo/baiduyun/000tmp/00000已筛选/家长助手四-智慧大脑开发宝典
delay 3s for folderPath: /Volumes/dav_damo/baiduyun/0000/3d资源/3d-demo-data/hdri
delay 3s for folderPath: /Volumes/dav_damo/baiduyun/0-sightp.com/AI/tts
delay 3s for folderPath: /Volumes/dav_damo/baiduyun/0-sightp.com/SP/SP面试(SP简历)
delay 3s for folderPath: /Volumes/dav_damo/baiduyun/0-sightp.com/AI/AI-audio/ttskit
delay 3s for folderPath: /Volumes/dav_damo/baiduyun/Other
delay 3s for folderPath: /Volumes/dav_damo/baiduyun/Business/company
delay 3s for folderPath: /Volumes/dav_damo/baiduyun/000tmp/03-儿童专区
delay 3s for folderPath: /Volumes/dav_damo/baiduyun/0mac-机器/Documents
delay 3s for folderPath: /Volumes/dav_damo/baiduyun/0000/news
delay 3s for folderPath: /Volumes/dav_damo/baiduyun/0000/J-350M/J-350M
delay 3s for folderPath: /Volumes/dav_damo/baiduyun/0000/3d资源/fireworks
delay 3s for folderPath: /Volumes/dav_damo/baiduyun/000tmp/01-畅销书/2016亚马逊畅销书排行榜书籍
delay 3s for folderPath: /Volumes/dav_damo/baiduyun/0mac-机器/Damo/AndroidStudioProjects
delay 3s for folderPath: /Volumes/dav_damo/baiduyun/0-sightp.com/Sightplus
delay 3s for folderPath: /Volumes/dav_damo/baiduyun/0000/3d资源/3d-demo-data/ies
delay 3s for folderPath: /Volumes/dav_damo/baiduyun/0000/AR-fireworks/AR烟花/正式资源
delay 3s for folderPath: /Volumes/dav_damo/baiduyun/0-sightp.com/SightpPlus/识别图
delay 3s for folderPath: /Volumes/dav_damo/baiduyun/apps
delay 3s for folderPath: /Volumes/dav_damo/baiduyun/0-sightp.com/AI/tts/0804
delay 3s for folderPath: /Volumes/dav_damo/baiduyun/Other/Android SDK
delay 3s for folderPath: /Volumes/dav_damo/baiduyun/0-sightp.com/AI/AI-audio/ttskit/resource
delay 3s for folderPath: /Volumes/dav_damo/baiduyun/0-sightp.com/SP/SP面试(SP简历)/0411
delay 3s for folderPath: /Volumes/dav_damo/baiduyun/Business/logo
delay 3s for folderPath: /Volumes/dav_damo/baiduyun/000tmp/04-漫画专区
delay 3s for folderPath: /Volumes/dav_damo/baiduyun/0mac-机器/Download
delay 3s for folderPath: /Volumes/dav_damo/baiduyun/000tmp/03-儿童专区/儿童
delay 3s for folderPath: /Volumes/dav_damo/baiduyun/000tmp/01-畅销书/2016豆瓣度榜单
delay 3s for folderPath: /Volumes/dav_damo/baiduyun/0mac-机器/Damo/doc
delay 3s for folderPath: /Volumes/dav_damo/baiduyun/0mac-机器/Documents/Adobe
delay 3s for folderPath: /Volumes/dav_damo/baiduyun/Business/company/THINGKING
delay 3s for folderPath: /Volumes/dav_damo/baiduyun/0000/3d资源/3d-demo-data/models
delay 3s for folderPath: /Volumes/dav_damo/baiduyun/0000/AR-fireworks/AR烟花/环境图片
delay 3s for folderPath: /Volumes/dav_damo/baiduyun/0000/news/0413_files
delay 3s for folderPath: /Volumes/dav_damo/baiduyun/0000/J-350M/ctranslate2
delay 3s for folderPath: /Volumes/dav_damo/baiduyun/0000/J-350M/J-350M/ctranslate2
delay 3s for folderPath: /Volumes/dav_damo/baiduyun/0000/3d资源/fireworks/test
delay 3s for folderPath: /Volumes/dav_damo/baiduyun/0-sightp.com/doc
delay 3s for folderPath: /Volumes/dav_damo/baiduyun/0-sightp.com/Sightplus/hardpro
delay 3s for folderPath: /Volumes/dav_damo/baiduyun/0000/AR-fireworks/AR烟花/正式资源/daochu
delay 3s for folderPath: /Volumes/dav_damo/baiduyun/ebooks
delay 3s for folderPath: /Volumes/dav_damo/baiduyun/0-sightp.com/AI/tts/inputs
delay 3s for folderPath: /Volumes/dav_damo/baiduyun/Other/Drives
delay 3s for folderPath: /Volumes/dav_damo/baiduyun/0-sightp.com/SP/SP面试(SP简历)/0527
delay 3s for folderPath: /Volumes/dav_damo/baiduyun/Business/project
delay 3s for folderPath: /Volumes/dav_damo/baiduyun/000tmp/1
delay 3s for folderPath: /Volumes/dav_damo/baiduyun/0mac-机器/MAC
delay 3s for folderPath: /Volumes/dav_damo/baiduyun/0-sightp.com/AI/tts/0804/outputs-zh-CN-YunxiaNeural-0.95-改文本
delay 3s for folderPath: /Volumes/dav_damo/baiduyun/apps/Alist
delay 3s for folderPath: /Volumes/dav_damo/baiduyun/000tmp/03-儿童专区/家族教育 孕产育儿
delay 3s for folderPath: /Volumes/dav_damo/baiduyun/000tmp/04-漫画专区/1
delay 3s for folderPath: /Volumes/dav_damo/baiduyun/0-sightp.com/AI/AI-audio/ttskit/resource/model
delay 3s for folderPath: /Volumes/dav_damo/baiduyun/000tmp/01-畅销书/2017当当年度好书榜单
delay 3s for folderPath: /Volumes/dav_damo/baiduyun/0mac-机器/Damo/workspace
delay 3s for folderPath: /Volumes/dav_damo/baiduyun/000tmp/03-儿童专区/儿童/180部儿童英语高清动画
delay 3s for folderPath: /Volumes/dav_damo/baiduyun/0mac-机器/Documents/Axure
delay 3s for folderPath: /Volumes/dav_damo/baiduyun/Business/company/bj
delay 3s for folderPath: /Volumes/dav_damo/baiduyun/0mac-机器/Download/0201
delay 3s for folderPath: /Volumes/dav_damo/baiduyun/0000/AR-fireworks/AR烟花/视频剪辑
delay 3s for folderPath: /Volumes/dav_damo/baiduyun/0000/3d资源/fireworks/textures
delay 3s for folderPath: /Volumes/dav_damo/baiduyun/0-sightp.com/download
delay 3s for folderPath: /Volumes/dav_damo/baiduyun/0000/AR-fireworks/AR烟花/正式资源/小程序码
delay 3s for folderPath: /Volumes/dav_damo/baiduyun/0mac-机器/Damo/doc/share
delay 3s for folderPath: /Volumes/dav_damo/baiduyun/000tmp/01-畅销书/2016豆瓣度榜单/2016年度中国文学
delay 3s for folderPath: /Volumes/dav_damo/baiduyun/home
delay 3s for folderPath: /Volumes/dav_damo/baiduyun/0000/news/0414_files
delay 3s for folderPath: /Volumes/dav_damo/baiduyun/0-sightp.com/SP/SP面试(SP简历)/0614
delay 3s for folderPath: /Volumes/dav_damo/baiduyun/0000/3d资源/3d-demo-data/models/astraia
delay 3s for folderPath: /Volumes/dav_damo/baiduyun/Business/sketchs
delay 3s for folderPath: /Volumes/dav_damo/baiduyun/0mac-机器/Documents/Adobe/After Effects CC 2018
delay 3s for folderPath: /Volumes/dav_damo/baiduyun/000tmp/3d
delay 3s for folderPath: /Volumes/dav_damo/baiduyun/0mac-机器/bookmark
delay 3s for folderPath: /Volumes/dav_damo/baiduyun/0-sightp.com/AI/tts/0804/outputs-zh-CN-YunxiaNeural-卡顿-0.95
delay 3s for folderPath: /Volumes/dav_damo/baiduyun/apps/baidu_shurufa
delay 3s for folderPath: /Volumes/dav_damo/baiduyun/000tmp/03-儿童专区/少儿 (0-14岁 少儿英语 漫画绘本与图画书 科普百科 儿童文学 家庭教育 励志与成长 幼儿启蒙等)
delay 3s for folderPath: /Volumes/dav_damo/baiduyun/000tmp/04-漫画专区/kindle港漫
delay 3s for folderPath: /Volumes/dav_damo/baiduyun/0-sightp.com/AI/tts/outputs-zh-CN-YunxiaNeural-08031628
delay 3s for folderPath: /Volumes/dav_damo/baiduyun/Other/SoftWare
delay 3s for folderPath: /Volumes/dav_damo/baiduyun/000tmp/01-畅销书/2017豆瓣年度榜单
delay 3s for folderPath: /Volumes/dav_damo/baiduyun/000tmp/03-儿童专区/儿童/《一分钟速算》-周根项-高清完整6VCD+2学习手册
delay 3s for folderPath: /Volumes/dav_damo/baiduyun/0mac-机器/Documents/Axure User Data
delay 3s for folderPath: /Volumes/dav_damo/baiduyun/ebooks/1.TensorFlow概述
delay 3s for folderPath: /Volumes/dav_damo/baiduyun/Business/company/domain-about
delay 3s for folderPath: /Volumes/dav_damo/baiduyun/0mac-机器/Download/20191008
delay 3s for folderPath: /Volumes/dav_damo/baiduyun/000tmp/1/01.恒河100
delay 3s for folderPath: /Volumes/dav_damo/baiduyun/0000/AR-fireworks/AR烟花/随拍素材
delay 3s for folderPath: /Volumes/dav_damo/baiduyun/000tmp/01-畅销书/2017当当年度好书榜单/亲子家教
delay 3s for folderPath: /Volumes/dav_damo/baiduyun/0-sightp.com/Sightplus/speech
delay 3s for folderPath: /Volumes/dav_damo/baiduyun/000tmp/04-漫画专区/1/1
delay 3s for folderPath: /Volumes/dav_damo/baiduyun/0mac-机器/Documents/Axure/HTML
delay 3s for folderPath: /Volumes/dav_damo/baiduyun/000tmp/03-儿童专区/儿童/180部儿童英语高清动画/01-90（需要下载下来用QQ影音播放器，可以切换字幕）
delay 3s for folderPath: /Volumes/dav_damo/baiduyun/0000/3d资源/fireworks/test/textures
delay 3s for folderPath: /Volumes/dav_damo/baiduyun/Business/project/南巷花嫁
delay 3s for folderPath: /Volumes/dav_damo/baiduyun/0mac-机器/Download/0201/epub
delay 3s for folderPath: /Volumes/dav_damo/baiduyun/0-sightp.com/sightp
delay 3s for folderPath: /Volumes/dav_damo/baiduyun/0000/J-350M/triton
delay 3s for folderPath: /Volumes/dav_damo/baiduyun/0000/J-350M/J-350M/triton
delay 3s for folderPath: /Volumes/dav_damo/baiduyun/0-sightp.com/doc/aiffi
delay 3s for folderPath: /Volumes/dav_damo/baiduyun/0mac-机器/MAC/photo
delay 3s for folderPath: /Volumes/dav_damo/baiduyun/000tmp/03-儿童专区/家族教育 孕产育儿/亲子教育 316本
delay 3s for folderPath: /Volumes/dav_damo/baiduyun/0000/AR-fireworks/AR烟花/环境图片/origin
delay 3s for folderPath: /Volumes/dav_damo/baiduyun/0mac-机器/Damo/doc/目录
delay 3s for folderPath: /Volumes/dav_damo/baiduyun/000tmp/01-畅销书/2016豆瓣度榜单/2016年度儿童图书
delay 3s for folderPath: /Volumes/dav_damo/baiduyun/linux
delay 3s for folderPath: /Volumes/dav_damo/baiduyun/0-sightp.com/download/20201104
delay 3s for folderPath: /Volumes/dav_damo/baiduyun/0000/3d资源/3d-demo-data/models/bao-robot
delay 3s for folderPath: /Volumes/dav_damo/baiduyun/0-sightp.com/SP/SP面试(SP简历)/0620
delay 3s for folderPath: /Volumes/dav_damo/baiduyun/Business/人才引进
delay 3s for folderPath: /Volumes/dav_damo/baiduyun/000tmp/3巧虎学英语系列视频（4套）
delay 3s for folderPath: /Volumes/dav_damo/baiduyun/0000/AR-fireworks/AR烟花/视频剪辑/output
delay 3s for folderPath: /Volumes/dav_damo/baiduyun/0mac-机器/doc
delay 3s for folderPath: /Volumes/dav_damo/baiduyun/0000/news/0415_files
delay 3s for folderPath: /Volumes/dav_damo/baiduyun/0-sightp.com/AI/tts/0804/outputs-zh-CN-YunxiaNeural-慢一点-0.88
delay 3s for folderPath: /Volumes/dav_damo/baiduyun/home/liuli
delay 3s for folderPath: /Volumes/dav_damo/baiduyun/apps/wordonline
delay 3s for folderPath: /Volumes/dav_damo/baiduyun/000tmp/04-漫画专区/kindle漫画 1-D
delay 3s for folderPath: /Volumes/dav_damo/baiduyun/000tmp/03-儿童专区/（儿童专区）
delay 3s for folderPath: /Volumes/dav_damo/baiduyun/0-sightp.com/AI/tts/outputs-zh-CN-YunxiaNeural-459590
delay 3s for folderPath: /Volumes/dav_damo/baiduyun/000tmp/3d/赠送的：蓝光2D.3D类等多个文件
delay 3s for folderPath: /Volumes/dav_damo/baiduyun/0mac-机器/Documents/Adobe/After Effects CC 2018/User Presets
delay 3s for folderPath: /Volumes/dav_damo/baiduyun/000tmp/01-畅销书/2018亚马逊畅销书排行榜
delay 3s for folderPath: /Volumes/dav_damo/baiduyun/000tmp/03-儿童专区/儿童/动画-官方正版-（价值780元）
delay 3s for folderPath: /Volumes/dav_damo/baiduyun/0mac-机器/Documents/MATLAB
delay 3s for folderPath: /Volumes/dav_damo/baiduyun/ebooks/10分钟学会一个法律常识-辛辉
delay 3s for folderPath: /Volumes/dav_damo/baiduyun/Business/company/dryxdmt
delay 3s for folderPath: /Volumes/dav_damo/baiduyun/0mac-机器/Download/20191009
delay 3s for folderPath: /Volumes/dav_damo/baiduyun/000tmp/04-漫画专区/kindle港漫/大唐双龙传_黄玉郎
delay 3s for folderPath: /Volumes/dav_damo/baiduyun/000tmp/1/02.活力星球
delay 3s for folderPath: /Volumes/dav_damo/baiduyun/0000/AR-fireworks/AR烟花/随拍视频
delay 3s for folderPath: /Volumes/dav_damo/baiduyun/000tmp/01-畅销书/2017当当年度好书榜单/传记畅销榜
delay 3s for folderPath: /Volumes/dav_damo/baiduyun/Other/VMs
delay 3s for folderPath: /Volumes/dav_damo/baiduyun/0mac-机器/Download/0201/童年的秘密-蒙台梭利
delay 3s for folderPath: /Volumes/dav_damo/baiduyun/0-sightp.com/soft
delay 3s for folderPath: /Volumes/dav_damo/baiduyun/0-sightp.com/doc/cls
delay 3s for folderPath: /Volumes/dav_damo/baiduyun/0mac-机器/Documents/Axure User Data/Axure-8-0
delay 3s for folderPath: /Volumes/dav_damo/baiduyun/000tmp/01-畅销书/2016豆瓣度榜单/2016年度再版高分图书
delay 3s for folderPath: /Volumes/dav_damo/baiduyun/mac
delay 3s for folderPath: /Volumes/dav_damo/baiduyun/0mac-机器/Download/20191008/CCMALL
delay 3s for folderPath: /Volumes/dav_damo/baiduyun/0-sightp.com/download/20201126
delay 3s for folderPath: /Volumes/dav_damo/baiduyun/000tmp/1/01.恒河100/720P
delay 3s for folderPath: /Volumes/dav_damo/baiduyun/0-sightp.com/Sightplus/unity相关
delay 3s for folderPath: /Volumes/dav_damo/baiduyun/0000/3d资源/3d-demo-data/models/botanists-greenhouse
